<?xml version="1.0" encoding="UTF-8"?>
<testsuite name="edu.umn.cs.csci3081w.project.model.PassengerFactoryTest" tests="2" skipped="0" failures="0" errors="0" timestamp="2021-12-08T07:14:08" hostname="Haodes-MacBook-Pro.local" time="0.002">
  <properties/>
  <testcase name="testGenerate()" classname="edu.umn.cs.csci3081w.project.model.PassengerFactoryTest" time="0.001"/>
  <testcase name="nameGeneration()" classname="edu.umn.cs.csci3081w.project.model.PassengerFactoryTest" time="0.001"/>
  <system-out><![CDATA[]]></system-out>
  <system-err><![CDATA[]]></system-err>
</testsuite>
