<?xml version="1.0" encoding="UTF-8"?>
<testsuite name="edu.umn.cs.csci3081w.project.model.VehicleDecoratorTest" tests="5" skipped="0" failures="0" errors="0" timestamp="2021-12-08T07:14:08" hostname="Haodes-MacBook-Pro.local" time="0.005">
  <properties/>
  <testcase name="testUpdateIssue()" classname="edu.umn.cs.csci3081w.project.model.VehicleDecoratorTest" time="0.001"/>
  <testcase name="testGreen()" classname="edu.umn.cs.csci3081w.project.model.VehicleDecoratorTest" time="0.001"/>
  <testcase name="testPink()" classname="edu.umn.cs.csci3081w.project.model.VehicleDecoratorTest" time="0.001"/>
  <testcase name="testMaroon()" classname="edu.umn.cs.csci3081w.project.model.VehicleDecoratorTest" time="0.001"/>
  <testcase name="testYellow()" classname="edu.umn.cs.csci3081w.project.model.VehicleDecoratorTest" time="0.001"/>
  <system-out><![CDATA[]]></system-out>
  <system-err><![CDATA[]]></system-err>
</testsuite>
