<?xml version="1.0" encoding="UTF-8"?>
<testsuite name="edu.umn.cs.csci3081w.project.model.TrainStrategyNightTest" tests="2" skipped="0" failures="0" errors="0" timestamp="2021-12-08T07:14:07" hostname="Haodes-MacBook-Pro.local" time="0.005">
  <properties/>
  <testcase name="testGetTypeOfVehicle()" classname="edu.umn.cs.csci3081w.project.model.TrainStrategyNightTest" time="0.003"/>
  <testcase name="testConstructor()" classname="edu.umn.cs.csci3081w.project.model.TrainStrategyNightTest" time="0.001"/>
  <system-out><![CDATA[]]></system-out>
  <system-err><![CDATA[]]></system-err>
</testsuite>
