<?xml version="1.0" encoding="UTF-8"?>
<testsuite name="edu.umn.cs.csci3081w.project.model.StopTest" tests="8" skipped="0" failures="0" errors="0" timestamp="2021-12-08T07:14:08" hostname="Haodes-MacBook-Pro.local" time="0.027">
  <properties/>
  <testcase name="testAddPassengers()" classname="edu.umn.cs.csci3081w.project.model.StopTest" time="0.0"/>
  <testcase name="testConstructorNormal()" classname="edu.umn.cs.csci3081w.project.model.StopTest" time="0.0"/>
  <testcase name="testLoadPassengersEmptyStopEmptyBus()" classname="edu.umn.cs.csci3081w.project.model.StopTest" time="0.001"/>
  <testcase name="testLoadPassengersEmptyStopFullBus()" classname="edu.umn.cs.csci3081w.project.model.StopTest" time="0.0"/>
  <testcase name="testLoadPassengersNonEmptyStopFullBus()" classname="edu.umn.cs.csci3081w.project.model.StopTest" time="0.0"/>
  <testcase name="testStopReportWithPassenger()" classname="edu.umn.cs.csci3081w.project.model.StopTest" time="0.012"/>
  <testcase name="testLoadPassengersNonEmptyStopEmptyBus()" classname="edu.umn.cs.csci3081w.project.model.StopTest" time="0.0"/>
  <testcase name="testStopReportNoPassengers()" classname="edu.umn.cs.csci3081w.project.model.StopTest" time="0.008"/>
  <system-out><![CDATA[]]></system-out>
  <system-err><![CDATA[]]></system-err>
</testsuite>
