<?xml version="1.0" encoding="UTF-8"?>
<testsuite name="edu.umn.cs.csci3081w.project.model.LineTest" tests="7" skipped="0" failures="0" errors="0" timestamp="2021-12-08T07:14:07" hostname="Haodes-MacBook-Pro.local" time="0.047">
  <properties/>
  <testcase name="testCreateIssue()" classname="edu.umn.cs.csci3081w.project.model.LineTest" time="0.001"/>
  <testcase name="testUpdateWithoutIssue()" classname="edu.umn.cs.csci3081w.project.model.LineTest" time="0.001"/>
  <testcase name="testShallowCopy()" classname="edu.umn.cs.csci3081w.project.model.LineTest" time="0.001"/>
  <testcase name="testIsIssueExist()" classname="edu.umn.cs.csci3081w.project.model.LineTest" time="0.001"/>
  <testcase name="testReport()" classname="edu.umn.cs.csci3081w.project.model.LineTest" time="0.037"/>
  <testcase name="testUpdateWithIssue()" classname="edu.umn.cs.csci3081w.project.model.LineTest" time="0.001"/>
  <testcase name="testConstructor()" classname="edu.umn.cs.csci3081w.project.model.LineTest" time="0.001"/>
  <system-out><![CDATA[]]></system-out>
  <system-err><![CDATA[]]></system-err>
</testsuite>
