<?xml version="1.0" encoding="UTF-8"?>
<testsuite name="edu.umn.cs.csci3081w.project.model.PassengerLoaderTest" tests="1" skipped="0" failures="0" errors="0" timestamp="2021-12-08T07:14:08" hostname="Haodes-MacBook-Pro.local" time="0.0">
  <properties/>
  <testcase name="testLoadPassenger()" classname="edu.umn.cs.csci3081w.project.model.PassengerLoaderTest" time="0.0"/>
  <system-out><![CDATA[]]></system-out>
  <system-err><![CDATA[]]></system-err>
</testsuite>
